<?xml version="1.0" encoding="UTF-8"?>
<robot generator="Robot 7.4.1 (Python 3.13.11 on linux)" generated="2026-01-16T13:57:24.836002" rpa="false" schemaversion="5">
<suite id="s1" name="Rf Env" source="/root/rf_env">
<suite id="s1-s1" name="Market Data Platform" source="/root/rf_env/market_data_platform">
<suite id="s1-s1-s1" name="Testing" source="/root/rf_env/market_data_platform/testing">
<suite id="s1-s1-s1-s1" name="Integration Tests" source="/root/rf_env/market_data_platform/testing/integration_tests.robot">
<kw name="Initialize Test Environment" type="SETUP">
<kw name="Log" owner="BuiltIn">
<msg time="2026-01-16T13:57:26.291270" level="INFO">Initializing test environment</msg>
<arg>Initializing test environment</arg>
<doc>Logs the given message with the given level.</doc>
<status status="PASS" start="2026-01-16T13:57:26.290139" elapsed="0.001517"/>
</kw>
<kw name="Verify InfluxDB Connectivity">
<kw name="Get InfluxDB Health">
<msg time="2026-01-16T13:57:26.298758" level="FAIL">No keyword with name 'Get InfluxDB Health' found. Did you try using keyword 'RequestsLibrary.GET' and forgot to use enough whitespace between keyword and arguments?</msg>
<var>${status}</var>
<status status="FAIL" start="2026-01-16T13:57:26.295896" elapsed="0.090615">No keyword with name 'Get InfluxDB Health' found. Did you try using keyword 'RequestsLibrary.GET' and forgot to use enough whitespace between keyword and arguments?</status>
</kw>
<kw name="Should Be Equal" owner="BuiltIn">
<arg>${status}</arg>
<arg>ok</arg>
<doc>Fails if the given objects are unequal.</doc>
<status status="NOT RUN" start="2026-01-16T13:57:26.392207" elapsed="0.000266"/>
</kw>
<doc>Check InfluxDB is accessible</doc>
<status status="FAIL" start="2026-01-16T13:57:26.292185" elapsed="0.100583">No keyword with name 'Get InfluxDB Health' found. Did you try using keyword 'RequestsLibrary.GET' and forgot to use enough whitespace between keyword and arguments?</status>
</kw>
<kw name="Verify ZMQ Broker Availability">
<doc>Check ZMQ broker is running</doc>
<status status="NOT RUN" start="2026-01-16T13:57:26.393111" elapsed="0.000175"/>
</kw>
<kw name="Load Gateway Configuration">
<doc>Load gateway settings</doc>
<status status="NOT RUN" start="2026-01-16T13:57:26.393501" elapsed="0.000149"/>
</kw>
<doc>Setup test environment</doc>
<status status="FAIL" start="2026-01-16T13:57:26.287556" elapsed="0.106277">No keyword with name 'Get InfluxDB Health' found. Did you try using keyword 'RequestsLibrary.GET' and forgot to use enough whitespace between keyword and arguments?</status>
</kw>
<test id="s1-s1-s1-s1-t1" name="FreeDOM Exchange Gateway - Connect and Retrieve Data" line="36">
<doc>Test FreeDOM Exchange REST API connectivity</doc>
<tag>connectivity</tag>
<tag>freedx</tag>
<tag>gateway</tag>
<status status="FAIL" start="2026-01-16T13:57:26.394061" elapsed="0.289113">Parent suite setup failed:
No keyword with name 'Get InfluxDB Health' found. Did you try using keyword 'RequestsLibrary.GET' and forgot to use enough whitespace between keyword and arguments?</status>
</test>
<test id="s1-s1-s1-s1-t2" name="Gate.io Gateway - WebSocket Connectivity" line="45">
<doc>Test Gate.io WebSocket streaming</doc>
<tag>gateio</tag>
<tag>gateway</tag>
<tag>websocket</tag>
<status status="FAIL" start="2026-01-16T13:57:26.862684" elapsed="0.190733">Parent suite setup failed:
No keyword with name 'Get InfluxDB Health' found. Did you try using keyword 'RequestsLibrary.GET' and forgot to use enough whitespace between keyword and arguments?</status>
</test>
<test id="s1-s1-s1-s1-t3" name="OANDA Gateway - Forex API Integration" line="55">
<doc>Test OANDA forex connectivity and EURUSD pair</doc>
<tag>forex</tag>
<tag>gateway</tag>
<tag>oanda</tag>
<status status="FAIL" start="2026-01-16T13:57:27.162388" elapsed="0.142895">Parent suite setup failed:
No keyword with name 'Get InfluxDB Health' found. Did you try using keyword 'RequestsLibrary.GET' and forgot to use enough whitespace between keyword and arguments?</status>
</test>
<test id="s1-s1-s1-s1-t4" name="Kraken Gateway - Hybrid REST/WebSocket" line="65">
<doc>Test Kraken hybrid connectivity</doc>
<tag>gateway</tag>
<tag>hybrid</tag>
<tag>kraken</tag>
<status status="FAIL" start="2026-01-16T13:57:27.400775" elapsed="0.214485">Parent suite setup failed:
No keyword with name 'Get InfluxDB Health' found. Did you try using keyword 'RequestsLibrary.GET' and forgot to use enough whitespace between keyword and arguments?</status>
</test>
<test id="s1-s1-s1-s1-t5" name="Twitter Sentiment Gateway - Stream Analysis" line="76">
<doc>Test Twitter sentiment analysis</doc>
<tag>gateway</tag>
<tag>sentiment</tag>
<tag>twitter</tag>
<status status="FAIL" start="2026-01-16T13:57:27.693824" elapsed="0.083080">Parent suite setup failed:
No keyword with name 'Get InfluxDB Health' found. Did you try using keyword 'RequestsLibrary.GET' and forgot to use enough whitespace between keyword and arguments?</status>
</test>
<test id="s1-s1-s1-s1-t6" name="Betfair Gateway - Streaming Market Data" line="86">
<doc>Test Betfair betting exchange</doc>
<tag>betfair</tag>
<tag>gateway</tag>
<tag>streaming</tag>
<status status="FAIL" start="2026-01-16T13:57:27.885722" elapsed="0.180179">Parent suite setup failed:
No keyword with name 'Get InfluxDB Health' found. Did you try using keyword 'RequestsLibrary.GET' and forgot to use enough whitespace between keyword and arguments?</status>
</test>
<test id="s1-s1-s1-s1-t7" name="ZMQ Broker - Publish Subscribe Pattern" line="99">
<doc>Test ZMQ pub/sub functionality</doc>
<tag>broker</tag>
<tag>messaging</tag>
<tag>zmq</tag>
<status status="FAIL" start="2026-01-16T13:57:28.211221" elapsed="0.134013">Parent suite setup failed:
No keyword with name 'Get InfluxDB Health' found. Did you try using keyword 'RequestsLibrary.GET' and forgot to use enough whitespace between keyword and arguments?</status>
</test>
<test id="s1-s1-s1-s1-t8" name="ZMQ Broker - Multiple Topics" line="110">
<doc>Test multiple topic subscriptions</doc>
<tag>broker</tag>
<tag>topics</tag>
<tag>zmq</tag>
<status status="FAIL" start="2026-01-16T13:57:28.454218" elapsed="0.252169">Parent suite setup failed:
No keyword with name 'Get InfluxDB Health' found. Did you try using keyword 'RequestsLibrary.GET' and forgot to use enough whitespace between keyword and arguments?</status>
</test>
<test id="s1-s1-s1-s1-t9" name="ZMQ Broker - High Throughput" line="123">
<doc>Test ZMQ broker with high message volume</doc>
<tag>broker</tag>
<tag>performance</tag>
<tag>stress</tag>
<tag>zmq</tag>
<status status="FAIL" start="2026-01-16T13:57:29.157916" elapsed="0.081383">Parent suite setup failed:
No keyword with name 'Get InfluxDB Health' found. Did you try using keyword 'RequestsLibrary.GET' and forgot to use enough whitespace between keyword and arguments?</status>
</test>
<test id="s1-s1-s1-s1-t10" name="InfluxDB - Write Market Tick Data" line="148">
<doc>Test market data persistence</doc>
<tag>influxdb</tag>
<tag>market_data</tag>
<tag>storage</tag>
<status status="FAIL" start="2026-01-16T13:57:29.314477" elapsed="0.089914">Parent suite setup failed:
No keyword with name 'Get InfluxDB Health' found. Did you try using keyword 'RequestsLibrary.GET' and forgot to use enough whitespace between keyword and arguments?</status>
</test>
<test id="s1-s1-s1-s1-t11" name="InfluxDB - Write Trade Data" line="157">
<doc>Test trade data persistence</doc>
<tag>influxdb</tag>
<tag>storage</tag>
<tag>trades</tag>
<status status="FAIL" start="2026-01-16T13:57:29.422624" elapsed="0.187958">Parent suite setup failed:
No keyword with name 'Get InfluxDB Health' found. Did you try using keyword 'RequestsLibrary.GET' and forgot to use enough whitespace between keyword and arguments?</status>
</test>
<test id="s1-s1-s1-s1-t12" name="InfluxDB - Write Sentiment Data" line="166">
<doc>Test sentiment data persistence</doc>
<tag>influxdb</tag>
<tag>sentiment</tag>
<tag>storage</tag>
<status status="FAIL" start="2026-01-16T13:57:29.678945" elapsed="0.124265">Parent suite setup failed:
No keyword with name 'Get InfluxDB Health' found. Did you try using keyword 'RequestsLibrary.GET' and forgot to use enough whitespace between keyword and arguments?</status>
</test>
<test id="s1-s1-s1-s1-t13" name="InfluxDB - Query OHLC Data" line="175">
<doc>Test OHLC query generation</doc>
<tag>influxdb</tag>
<tag>queries</tag>
<tag>storage</tag>
<status status="FAIL" start="2026-01-16T13:57:29.824022" elapsed="0.619183">Parent suite setup failed:
No keyword with name 'Get InfluxDB Health' found. Did you try using keyword 'RequestsLibrary.GET' and forgot to use enough whitespace between keyword and arguments?</status>
</test>
<test id="s1-s1-s1-s1-t14" name="InfluxDB - Data Retention Policy" line="183">
<doc>Test retention policy enforcement</doc>
<tag>influxdb</tag>
<tag>retention</tag>
<tag>storage</tag>
<status status="FAIL" start="2026-01-16T13:57:30.781859" elapsed="0.238622">Parent suite setup failed:
No keyword with name 'Get InfluxDB Health' found. Did you try using keyword 'RequestsLibrary.GET' and forgot to use enough whitespace between keyword and arguments?</status>
</test>
<test id="s1-s1-s1-s1-t15" name="CLI - Connect Command" line="195">
<doc>Test CLI connect functionality</doc>
<tag>cli</tag>
<tag>commands</tag>
<tag>connectivity</tag>
<status status="FAIL" start="2026-01-16T13:57:31.578736" elapsed="0.249543">Parent suite setup failed:
No keyword with name 'Get InfluxDB Health' found. Did you try using keyword 'RequestsLibrary.GET' and forgot to use enough whitespace between keyword and arguments?</status>
</test>
<test id="s1-s1-s1-s1-t16" name="CLI - Streaming Command" line="203">
<doc>Test CLI data streaming</doc>
<tag>cli</tag>
<tag>commands</tag>
<tag>streaming</tag>
<status status="FAIL" start="2026-01-16T13:57:31.951282" elapsed="0.157253">Parent suite setup failed:
No keyword with name 'Get InfluxDB Health' found. Did you try using keyword 'RequestsLibrary.GET' and forgot to use enough whitespace between keyword and arguments?</status>
</test>
<test id="s1-s1-s1-s1-t17" name="CLI - Price Query" line="212">
<doc>Test CLI price query</doc>
<tag>cli</tag>
<tag>commands</tag>
<tag>queries</tag>
<status status="FAIL" start="2026-01-16T13:57:32.271212" elapsed="0.157903">Parent suite setup failed:
No keyword with name 'Get InfluxDB Health' found. Did you try using keyword 'RequestsLibrary.GET' and forgot to use enough whitespace between keyword and arguments?</status>
</test>
<test id="s1-s1-s1-s1-t18" name="CLI - Sentiment Analysis" line="220">
<doc>Test CLI sentiment display</doc>
<tag>cli</tag>
<tag>commands</tag>
<tag>sentiment</tag>
<status status="FAIL" start="2026-01-16T13:57:32.548155" elapsed="0.195662">Parent suite setup failed:
No keyword with name 'Get InfluxDB Health' found. Did you try using keyword 'RequestsLibrary.GET' and forgot to use enough whitespace between keyword and arguments?</status>
</test>
<test id="s1-s1-s1-s1-t19" name="CLI - Command Auto-Completion" line="228">
<doc>Test CLI command completion</doc>
<tag>cli</tag>
<tag>completion</tag>
<tag>ui</tag>
<status status="FAIL" start="2026-01-16T13:57:32.951977" elapsed="0.194942">Parent suite setup failed:
No keyword with name 'Get InfluxDB Health' found. Did you try using keyword 'RequestsLibrary.GET' and forgot to use enough whitespace between keyword and arguments?</status>
</test>
<test id="s1-s1-s1-s1-t20" name="CLI - Export Functionality" line="236">
<doc>Test data export</doc>
<tag>cli</tag>
<tag>commands</tag>
<tag>export</tag>
<status status="FAIL" start="2026-01-16T13:57:33.292645" elapsed="0.201330">Parent suite setup failed:
No keyword with name 'Get InfluxDB Health' found. Did you try using keyword 'RequestsLibrary.GET' and forgot to use enough whitespace between keyword and arguments?</status>
</test>
<test id="s1-s1-s1-s1-t21" name="Data Quality - Price Range Validation" line="248">
<doc>Validate price data is within reasonable ranges</doc>
<tag>data_quality</tag>
<tag>validation</tag>
<status status="FAIL" start="2026-01-16T13:57:33.597304" elapsed="0.089707">Parent suite setup failed:
No keyword with name 'Get InfluxDB Health' found. Did you try using keyword 'RequestsLibrary.GET' and forgot to use enough whitespace between keyword and arguments?</status>
</test>
<test id="s1-s1-s1-s1-t22" name="Data Quality - Volume Consistency" line="260">
<doc>Validate volume data consistency</doc>
<tag>data_quality</tag>
<tag>volume</tag>
<status status="FAIL" start="2026-01-16T13:57:33.842241" elapsed="0.132778">Parent suite setup failed:
No keyword with name 'Get InfluxDB Health' found. Did you try using keyword 'RequestsLibrary.GET' and forgot to use enough whitespace between keyword and arguments?</status>
</test>
<test id="s1-s1-s1-s1-t23" name="Data Quality - No Duplicate Messages" line="271">
<doc>Validate no duplicate messages in stream</doc>
<tag>data_quality</tag>
<tag>duplicates</tag>
<status status="FAIL" start="2026-01-16T13:57:34.347099" elapsed="0.065293">Parent suite setup failed:
No keyword with name 'Get InfluxDB Health' found. Did you try using keyword 'RequestsLibrary.GET' and forgot to use enough whitespace between keyword and arguments?</status>
</test>
<test id="s1-s1-s1-s1-t24" name="Performance - Gateway Latency" line="283">
<doc>Measure gateway response times</doc>
<tag>latency</tag>
<tag>performance</tag>
<tag>stress</tag>
<status status="FAIL" start="2026-01-16T13:57:34.491986" elapsed="0.182224">Parent suite setup failed:
No keyword with name 'Get InfluxDB Health' found. Did you try using keyword 'RequestsLibrary.GET' and forgot to use enough whitespace between keyword and arguments?</status>
</test>
<test id="s1-s1-s1-s1-t25" name="Performance - ZMQ Throughput" line="298">
<doc>Measure ZMQ message throughput</doc>
<tag>performance</tag>
<tag>throughput</tag>
<tag>zmq</tag>
<status status="FAIL" start="2026-01-16T13:57:34.701066" elapsed="0.109842">Parent suite setup failed:
No keyword with name 'Get InfluxDB Health' found. Did you try using keyword 'RequestsLibrary.GET' and forgot to use enough whitespace between keyword and arguments?</status>
</test>
<test id="s1-s1-s1-s1-t26" name="Performance - InfluxDB Write Speed" line="319">
<doc>Measure InfluxDB write performance</doc>
<tag>influxdb</tag>
<tag>performance</tag>
<tag>storage</tag>
<status status="FAIL" start="2026-01-16T13:57:35.003050" elapsed="0.106420">Parent suite setup failed:
No keyword with name 'Get InfluxDB Health' found. Did you try using keyword 'RequestsLibrary.GET' and forgot to use enough whitespace between keyword and arguments?</status>
</test>
<kw name="Cleanup Test Environment" type="TEARDOWN">
<kw name="Log" owner="BuiltIn">
<msg time="2026-01-16T13:57:35.263987" level="INFO">Cleaning up test environment</msg>
<arg>Cleaning up test environment</arg>
<doc>Logs the given message with the given level.</doc>
<status status="PASS" start="2026-01-16T13:57:35.262770" elapsed="0.001718"/>
</kw>
<kw name="Close All Connections">
<msg time="2026-01-16T13:57:35.271144" level="FAIL">No keyword with name 'Close All Connections' found.</msg>
<status status="FAIL" start="2026-01-16T13:57:35.268046" elapsed="0.065933">No keyword with name 'Close All Connections' found.</status>
</kw>
<kw name="Stop All Streams">
<msg time="2026-01-16T13:57:35.342644" level="FAIL">No keyword with name 'Stop All Streams' found.</msg>
<status status="FAIL" start="2026-01-16T13:57:35.340138" elapsed="0.014810">No keyword with name 'Stop All Streams' found.</status>
</kw>
<doc>Teardown test environment</doc>
<status status="FAIL" start="2026-01-16T13:57:35.261858" elapsed="0.096290">Several failures occurred:

1) No keyword with name 'Close All Connections' found.

2) No keyword with name 'Stop All Streams' found.</status>
</kw>
<doc>Market Data Platform - Integration Test Suite
Tests connectivity modules, data storage, and CLI
Validates all gateway integrations and data quality</doc>
<status status="FAIL" start="2026-01-16T13:57:25.581967" elapsed="9.776405">Suite setup failed:
No keyword with name 'Get InfluxDB Health' found. Did you try using keyword 'RequestsLibrary.GET' and forgot to use enough whitespace between keyword and arguments?

Also suite teardown failed:
Several failures occurred:

1) No keyword with name 'Close All Connections' found.

2) No keyword with name 'Stop All Streams' found.</status>
</suite>
<status status="FAIL" start="2026-01-16T13:57:25.569196" elapsed="11.146816"/>
</suite>
<status status="FAIL" start="2026-01-16T13:57:25.557041" elapsed="11.174803"/>
</suite>
<status status="FAIL" start="2026-01-16T13:57:24.918512" elapsed="11.864812"/>
</suite>
<statistics>
<total>
<stat pass="0" fail="26" skip="0">All Tests</stat>
</total>
<tag>
<stat pass="0" fail="1" skip="0">betfair</stat>
<stat pass="0" fail="3" skip="0">broker</stat>
<stat pass="0" fail="6" skip="0">cli</stat>
<stat pass="0" fail="5" skip="0">commands</stat>
<stat pass="0" fail="1" skip="0">completion</stat>
<stat pass="0" fail="2" skip="0">connectivity</stat>
<stat pass="0" fail="3" skip="0">data_quality</stat>
<stat pass="0" fail="1" skip="0">duplicates</stat>
<stat pass="0" fail="1" skip="0">export</stat>
<stat pass="0" fail="1" skip="0">forex</stat>
<stat pass="0" fail="1" skip="0">freedx</stat>
<stat pass="0" fail="1" skip="0">gateio</stat>
<stat pass="0" fail="6" skip="0">gateway</stat>
<stat pass="0" fail="1" skip="0">hybrid</stat>
<stat pass="0" fail="6" skip="0">influxdb</stat>
<stat pass="0" fail="1" skip="0">kraken</stat>
<stat pass="0" fail="1" skip="0">latency</stat>
<stat pass="0" fail="1" skip="0">market_data</stat>
<stat pass="0" fail="1" skip="0">messaging</stat>
<stat pass="0" fail="1" skip="0">oanda</stat>
<stat pass="0" fail="4" skip="0">performance</stat>
<stat pass="0" fail="2" skip="0">queries</stat>
<stat pass="0" fail="1" skip="0">retention</stat>
<stat pass="0" fail="3" skip="0">sentiment</stat>
<stat pass="0" fail="6" skip="0">storage</stat>
<stat pass="0" fail="2" skip="0">streaming</stat>
<stat pass="0" fail="2" skip="0">stress</stat>
<stat pass="0" fail="1" skip="0">throughput</stat>
<stat pass="0" fail="1" skip="0">topics</stat>
<stat pass="0" fail="1" skip="0">trades</stat>
<stat pass="0" fail="1" skip="0">twitter</stat>
<stat pass="0" fail="1" skip="0">ui</stat>
<stat pass="0" fail="1" skip="0">validation</stat>
<stat pass="0" fail="1" skip="0">volume</stat>
<stat pass="0" fail="1" skip="0">websocket</stat>
<stat pass="0" fail="4" skip="0">zmq</stat>
</tag>
<suite>
<stat name="Rf Env" id="s1" pass="0" fail="26" skip="0">Rf Env</stat>
<stat name="Market Data Platform" id="s1-s1" pass="0" fail="26" skip="0">Rf Env.Market Data Platform</stat>
<stat name="Testing" id="s1-s1-s1" pass="0" fail="26" skip="0">Rf Env.Market Data Platform.Testing</stat>
<stat name="Integration Tests" id="s1-s1-s1-s1" pass="0" fail="26" skip="0">Rf Env.Market Data Platform.Testing.Integration Tests</stat>
</suite>
</statistics>
<errors>
<msg time="2026-01-16T13:57:25.899542" level="ERROR">Error in file '/root/rf_env/market_data_platform/testing/integration_tests.robot' on line 14: Resource file '../keywords/gateway_keywords.robot' does not exist.</msg>
<msg time="2026-01-16T13:57:25.949497" level="ERROR">Error in file '/root/rf_env/market_data_platform/testing/integration_tests.robot' on line 15: Resource file '../keywords/storage_keywords.robot' does not exist.</msg>
<msg time="2026-01-16T13:57:26.046310" level="ERROR">Error in file '/root/rf_env/market_data_platform/testing/integration_tests.robot' on line 16: Resource file '../keywords/cli_keywords.robot' does not exist.</msg>
</errors>
</robot>
