<?xml version="1.0" encoding="UTF-8"?>
<robot generator="Robot 7.4.1 (Python 3.13.11 on linux)" generated="2026-01-13T16:26:07.080355" rpa="false" schemaversion="5">
<suite id="s1" name="Rf Env" source="/root/rf_env">
<suite id="s1-s1" name="Market Summary Api Tests" source="/root/rf_env/market_summary_api_tests.robot">
<test id="s1-s1-t1" name="Public Pairs - Last Price Outside 24Hr Range Pairs" line="286">
<kw name="Create Session" owner="RequestsLibrary">
<msg time="2026-01-13T16:26:07.440398" level="INFO">Creating Session using : alias=market_api, url=https://api.exchange.freedx.com, headers={},                     cookies={}, auth=None, timeout=10, proxies=None, verify=False,                     debug=0 </msg>
<arg>market_api</arg>
<arg>${BASE_URL}</arg>
<arg>timeout=${TIMEOUT}</arg>
<doc>Create Session: create a HTTP session to a server</doc>
<status status="PASS" start="2026-01-13T16:26:07.438456" elapsed="0.002440"/>
</kw>
<kw name="GET On Session" owner="RequestsLibrary">
<msg time="2026-01-13T16:26:08.601631" level="INFO">GET Request : url=https://api.exchange.freedx.com/spot/api/v3.2/market_summary 
 path_url=/spot/api/v3.2/market_summary 
 headers={'User-Agent': 'python-requests/2.32.5', 'Accept-Encoding': 'gzip, deflate', 'Accept': '*/*', 'Connection': 'keep-alive'} 
 body=None 
 </msg>
<msg time="2026-01-13T16:26:08.602239" level="INFO">GET Response : url=https://api.exchange.freedx.com/spot/api/v3.2/market_summary 
 status=200, reason= 
 headers={'Content-Type': 'application/json', 'Transfer-Encoding': 'chunked', 'Connection': 'keep-alive', 'Server': 'nginx', 'Date': 'Tue, 13 Jan 2026 14:26:09 GMT', 'Vary': 'Accept-Encoding, Origin, Access-Control-Request-Method, Access-Control-Request-Headers', 'Content-Encoding': 'gzip', 'X-Cache': 'Miss from cloudfront', 'Via': '1.1 139fe4e9f91aca357870e9bd64735910.cloudfront.net (CloudFront)', 'X-Amz-Cf-Pop': 'SOF50-P1', 'X-Amz-Cf-Id': 'ejmwWPINLBaUvK824AHV64wDdSpwiumHAnbNrRQIOBYYjinbbZ6pfg=='} 
 body=[{"symbol":"1CAT-USDC","last":0.000124,"lowestAsk":0.000126,"highestBid":0.000114,"percentageChange":10.71428571,"volume":259.86311554,"high24Hr":0.000127,"low24Hr":0.00011,"base":"1CAT","quote":"USDC","active":true,"size":2203143.21999999,"minValidPrice":0.000001,"minPriceIncrement":0.000001,"minOrderSize":0.01,"maxOrderSize":20000000,"minSizeIncrement":0.01,"openInterest":0,"openInterestUSD":0,"contractStart":0,"contractEnd":0,"timeBasedContract":false,"openTime":0,"closeTime":0,"startMatching":0,"inactiveTime":0,"fundingRate":0,"contractSize":0,"maxPosition":0,"minRiskLimit":0,"maxRiskLimit":0,"availableSettlement":null,"futures":false,"isMarketOpenToOtc":false,"isMarketOpenToSpot":true},{"symbol":"1CAT-USDT","last":0.00011500000000000002,"lowestAsk":0.000126,"highestBid":0.000114,"percentageChange":2.67857142,"volume":2700.09106268,"high24Hr":0.000128,"low24Hr":0.00011,"base":"1CAT","quote":"USDT","active":true,"size":22857106.91,"minValidPrice":0.000001,"minPriceIncrement":0.000001,"minOrderSize":0.01,"maxOrderSize":20000000,"minSizeIncrement":0.01,"openInterest":0,"openInterestUSD":0,"contractStart":0,"contractEnd":0,"timeBasedContract":false,"openTime":0,"closeTime":0,"startMatching":0,"inactiveTime":0,"fundingRate":0,"contractSize":0,"maxPosition":0,"minRiskLimit":0,"maxRiskLimit":0,"availableSettlement":null,"futures":false,"isMarketOpenToOtc":false,"isMarketOpenToSpot":true},{"symbol":"1INCH-BTC","last":0.000002072275802658293,"lowestAsk":0.00000167,"highestBid":0.00000166,"percentageChange":0,"volume":0,"high24Hr":0.00000208,"low24Hr":0.00000208,"base":"1INCH","quote":"BTC","active":true,"size":0,"minValidPrice":0.00000001,"minPriceIncrement":0.00000001,"minOrderSize":0.1,"maxOrderSize":600000,"minSizeIncrement":0.1,"openInterest":0,"openInterestUSD":0,"contractStart":0,"contractEnd":0,"timeBasedContract":false,"openTime":0,"closeTime":0,"startMatching":0,"inactiveTime":0,"fundingRate":0,"contractSize":0,"maxPosition":0,"minRiskLimit":0,"maxRiskLimit":0,"availableSettlement":null,"futures":false,"isMarketOpenToOtc":true,"isMarketOpenToSpot":true},{"symbol":"1INCH-ETH","last":0.000056115707087916946,"lowestAsk":0.0000489,"highestBid":0.0000486,"percentageChange":0,"volume":0,"high24Hr":0.0000561,"low24Hr":0.0000561,"base":"1INCH","quote":"ETH","active":true,"size":0,"minValidPrice":0.0000001,"minPriceIncrement":0.0000001,"minOrderSize":0.1,"maxOrderSize":600000,"minSizeIncrement":0.1,"openInterest":0,"openInterestUSD":0,"contractStart":0,"contractEnd":0,"timeBasedContract":false,"openTime":0,"closeTime":0,"startMatching":0,"inactiveTime":0,"fundingRate":0,"contractSize":0,"maxPosition":0,"minRiskLimit":0,"maxRiskLimit":0,"availableSettlement":null,"futures":false,"isMarketOpenToOtc":true,"isMarketOpenToSpot":true},{"symbol":"1INCH-USDC","last":0.15360000018597603,"lowestAsk":0.1537,"highestBid":0.1531,"percentageChange":5.06155963,"volume":32429.48768,"high24Hr":0.15360000018597603,"low24Hr":0.1441,"base":"1INCH","quote":"USDC","active":true,"size":217877.3,"minValidPrice":0.0001,"minPriceIncrement":0.0001,"minOrderSize":0.1,"maxOrderSize":1200000,"minSizeIncrement":0.1,"openInterest":0,"openInterestUSD":0,"contractStart":0,"contractEnd":0,"timeBasedContract":false,"openTime":0,"closeTime":0,"startMatching":0,"inactiveTime":0,"fundingRate":0,"contractSize":0,"maxPosition":0,"minRiskLimit":0,"maxRiskLimit":0,"availableSettlement":null,"futures":false,"isMarketOpenToOtc":true,"isMarketOpenToSpot":true},{"symbol":"1INCH-USDT","last":0.15369912837544317,"lowestAsk":0.1538,"highestBid":0.1532,"percentageChange":4.98574342,"volume":398866.28995,"high24Hr":0.1538,"low24Hr":0.1442,"base":"1INCH","quote":"USDT","active":true,"size":2677598.3,"minValidPrice":0.0001,"minPriceIncrement":0.0001,"minOrderSize":0.1,"maxOrderSize":1200000,"minSizeIncrement":0.1,"openInterest":0,"openInterestUSD":0,"contractStart":0,"contractEnd":0,"timeBasedContract":false,"openTime":0,"closeTime":0,"startMatching":0,"inactiveTime":0,"fundingRate":0,"contractSize":0,"maxPosition":0,"minRiskLimit":0,"maxRiskLimit":0,"availableSettlement":null,"futures":false,"isMarketOpenToOtc":true,"isMarketOpenToSpot":true},{"symbol":"AAVE-BTC","last":0.0020379541863705746,"lowestAsk":0.001863,"highestBid":0.001862,"percentageChange":0,"volume":0,"high24Hr":0.002037,"low24Hr":0.002037,"base":"AAVE","quote":"BTC","active":true,"size":0,"minValidPrice":0.000001,"minPriceIncrement":0.000001,"minOrderSize":0.01,"maxOrderSize":2500,"minSizeIncrement":0.01,"openInterest":0,"openInterestUSD":0,"contractStart":0,"contractEnd":0,"timeBasedContract":false,"openTime":0,"closeTime":0,"startMatching":0,"inactiveTime":0,"fundingRate":0,"contractSize":0,"maxPosition":0,"minRiskLimit":0,"maxRiskLimit":0,"availableSettlement":null,"futures":false,"isMarketOpenToOtc":true,"isMarketOpenToSpot":true},{"symbol":"AAVE-ETH","last":0.05186933421677655,"lowestAsk":0.05456,"highestBid":0.05454,"percentageChange":0,"volume":0,"high24Hr":0.05187,"low24Hr":0.05187,"base":"AAVE","quote":"ETH","active":true,"size":0,"minValidPrice":0.00001,"minPriceIncrement":0.00001,"minOrderSize":0.001,"maxOrderSize":2500,"minSizeIncrement":0.001,"openInterest":0,"openInterestUSD":0,"contractStart":0,"contractEnd":0,"timeBasedContract":false,"openTime":0,"closeTime":0,"startMatching":0,"inactiveTime":0,"fundingRate":0,"contractSize":0,"maxPosition":0,"minRiskLimit":0,"maxRiskLimit":0,"availableSettlement":null,"futures":false,"isMarketOpenToOtc":true,"isMarketOpenToSpot":true},{"symbol":"AAVE-USDC","last":171.61805259135684,"lowestAsk":171.66,"highestBid":171.62,"percentageChange":5.66312805,"volume":109163.243762,"high24Hr":171.9,"low24Hr":160.83,"base":"AAVE","quote":"USDC","active":true,"size":655.7751,"minValidPrice":0.01,"minPriceIncrement":0.01,"minOrderSize":0.0001,"maxOrderSize":2500,"minSizeIncrement":0.0001,"openInterest":0,"openInterestUSD":0,"contractStart":0,"contractEnd":0,"timeBasedContract":false,"openTime":0,"closeTime":0,"startMatching":0,"inactiveTime":0,"fundingRate":0,"contractSize":0,"maxPosition":0,"minRiskLimit":0,"maxRiskLimit":0,"availableSettlement":null,"futures":false,"isMarketOpenToOtc":true,"isMarketOpenToSpot":true},{"symbol":"AAVE-USDT","last":171.73211511667014,"lowestAsk":171.77,"highestBid":171.73,"percentageChange":5.65529415,"volume":1783759.785499,"high24Hr":172.1,"low24Hr":160.95,"base":"AAVE","quote":"USDT","active":true,"size":10678.09009999,"minValidPrice":0.01,"minPriceIncrement":0.01,"minOrderSize":0.0001,"maxOrderSize":2500,"minSizeIncrement":0.0001,"openInterest":0,"openInterestUSD":0,"contractStart":0,"contractEnd":0,"timeBasedContract":false,"openTime":0,"closeTime":0,"startMatching":0,"inactiveTime":0,"fundingRate":0,"contractSize":0,"maxPosition":0,"minRiskLimit":0,"maxRiskLimit":0,"availableSettlement":null,"futures":false,"isMarketOpenToOtc":true,"isMarketOpenToSpot":true},{"symbol":"ACH-BTC","last":0.0000001700000011827214,"lowestAsk":0.00000012,"highestBid":0.00000011,"percentageChange":0,"volume":0,"high24Hr":0.00000017,"low24Hr":0.00000017,"base":"ACH","quote":"BTC","active":true,"size":0,"minValidPrice":0.00000001,"minPriceIncrement":0.00000001,"minOrderSize":1,"maxOrderSize":4000000,"minSizeIncrement":1,"openInterest":0,"openInterestUSD":0,"contractStart":0,"contractEnd":0,"timeBasedContract":false,"openTime":0,"closeTime":0,"startMatching":0,"inactiveTime":0,"fundingRate":0,"contractSize":0,"maxPosition":0,"minRiskLimit":0,"maxRiskLimit":0,"availableSettlement":null,"futures":false,"isMarketOpenToOtc":true,"isMarketOpenToSpot":true},{"symbol":"ACH-ETH","last":0.0000042719219252298665,"lowestAsk":0.0000034,"highestBid":0.0000033,"percentageChange":0,"volume":0,"high24Hr":0.0000043,"low24Hr":0.0000043,"base":"ACH","quote":"ETH","active":true,"size":0,"minValidPrice":0.0000001,"minPriceIncrement":0.0000001,"minOrderSize":1,"maxOrderSize":4000000,"minSizeIncrement":1,"openInterest":0,"openInterestUSD":0,"contractStart":0,"contractEnd":0,"timeBasedContract":false,"openTime":0,"closeTime":0,"startMatching":0,"inactiveTime":0,"fundingRate":0,"contractSize":0,"maxPosition":0,"minRiskLimit":0,"maxRiskLimit":0,"availableSettlement":null,"futures":false,"isMarketOpenToOtc":true,"isMarketOpenToSpot":true},{"symbol":"ACH-USDC","last":0.010582870294547582,"lowestAsk":0.01059,"highestBid":0.01056,"percentageChange":-0.7235432,"volume":47318.90429,"high24Hr":0.01082,"low24Hr":0.01,"base":"ACH","quote":"USDC","active":true,"size":4560317,"minValidPrice":0.00001,"minPriceIncrement":0.00001,"minOrderSize":1,"maxOrderSize":4000000,"minSizeIncrement":1,"openInterest":0,"openInterestUSD":0,"contractStart":0,"contractEnd":0,"timeBasedContract":false,"openTime":0,"closeTime":0,"startMatching":0,"inactiveTime":0,"fundingRate":0,"contractSize":0,"maxPosition":0,"minRiskLimit":0,"maxRiskLimit":0,"availableSettlement":null,"futures":false,"isMarketOpenToOtc":true,"isMarketOpenToSpot":true},{"symbol":"ACH-USDT","last":0.01059,"lowestAsk":0.0106,"highestBid":0.01056,"percentageChange":-0.65666041,"volume":562736.09851,"high24Hr":0.01083,"low24Hr":0.01,"base":"ACH","quote":"USDT","active":true,"size":54191781,"minValidPrice":0.00001,"minPriceIncrement":0.00001,"minOrderSize":1,"maxOrderSize":4000000,"minSizeIncrement":1,"openInterest":0,"openInterestUSD":0,"contractStart":0,"contractEnd":0,"timeBasedContract":false,"openTime":0,"closeTime":0,"startMatching":0,"inactiveTime":0,"fundingRate":0,"contractSize":0,"maxPosition":0,"minRiskLimit":0,"maxRiskLimit":0,"availableSettlement":null,"futures":false,"isMarketOpenToOtc":true,"isMarketOpenToSpot":true},{"symbol":"ADA-BTC","last":0.00000400449293746466,"lowestAsk":0.000005,"highestBid":0.000004,"percentageChange":0,"volume":0,"high24Hr":0.000004,"low24Hr":0.000004,"base":"ADA","quote":"BTC","active":true,"size":0,"minValidPrice":0.000001,"minPriceIncrement":0.000001,"minOrderSize":1,"maxOrderSize":400000,"minSizeIncrement":1,"openInterest":0,"openInterestUSD":0,"contractStart":0,"contractEnd":0,"timeBasedContract":fa... (set the log level to DEBUG or TRACE to see the full content) 
 </msg>
<msg time="2026-01-13T16:26:08.603155" level="INFO">/root/rf_env/lib/python3.13/site-packages/urllib3/connectionpool.py:1097: InsecureRequestWarning: Unverified HTTPS request is being made to host 'api.exchange.freedx.com'. Adding certificate verification is strongly advised. See: https://urllib3.readthedocs.io/en/latest/advanced-usage.html#tls-warnings
  warnings.warn(</msg>
<msg time="2026-01-13T16:26:08.603557" level="INFO">${response} = &lt;Response [200]&gt;</msg>
<var>${response}</var>
<arg>market_api</arg>
<arg>${ENDPOINT}</arg>
<doc>Sends a GET request on a previously created HTTP Session.</doc>
<status status="PASS" start="2026-01-13T16:26:07.441835" elapsed="1.161920"/>
</kw>
<kw name="Evaluate" owner="BuiltIn">
<msg time="2026-01-13T16:26:08.631520" level="INFO">${data} = [{'symbol': '1CAT-USDC', 'last': 0.000124, 'lowestAsk': 0.000126, 'highestBid': 0.000114, 'percentageChange': 10.71428571, 'volume': 259.86311554, 'high24Hr': 0.000127, 'low24Hr': 0.00011, 'base': '1C...</msg>
<var>${data}</var>
<arg>json.loads(r'''${response.text}''')</arg>
<arg>json</arg>
<doc>Evaluates the given expression in Python and returns the result.</doc>
<status status="PASS" start="2026-01-13T16:26:08.604826" elapsed="0.026960"/>
</kw>
<kw name="Create List" owner="BuiltIn">
<msg time="2026-01-13T16:26:08.632883" level="INFO">${Last_Price_Outside_24Hr_Range_Pairs} = []</msg>
<var>${Last_Price_Outside_24Hr_Range_Pairs}</var>
<doc>Returns a list containing given items.</doc>
<status status="PASS" start="2026-01-13T16:26:08.632447" elapsed="0.000596"/>
</kw>
<for flavor="IN">
<iter>
<kw name="Get From Dictionary" owner="Collections">
<msg time="2026-01-13T16:26:08.634578" level="INFO">${symbol} = 1CAT-USDC</msg>
<var>${symbol}</var>
<arg>${pair}</arg>
<arg>symbol</arg>
<doc>Returns a value from the given ``dictionary`` based on the given ``key``.</doc>
<status status="PASS" start="2026-01-13T16:26:08.634070" elapsed="0.000656"/>
</kw>
<kw name="Get From Dictionary" owner="Collections">
<msg time="2026-01-13T16:26:08.635413" level="INFO">${last} = 0.000124</msg>
<var>${last}</var>
<arg>${pair}</arg>
<arg>last</arg>
<doc>Returns a value from the given ``dictionary`` based on the given ``key``.</doc>
<status status="PASS" start="2026-01-13T16:26:08.634966" elapsed="0.000602"/>
</kw>
<kw name="Get From Dictionary" owner="Collections">
<msg time="2026-01-13T16:26:08.636490" level="INFO">${high} = 0.000127</msg>
<var>${high}</var>
<arg>${pair}</arg>
<arg>high24Hr</arg>
<doc>Returns a value from the given ``dictionary`` based on the given ``key``.</doc>
<status status="PASS" start="2026-01-13T16:26:08.635823" elapsed="0.000880"/>
</kw>
<kw name="Get From Dictionary" owner="Collections">
<msg time="2026-01-13T16:26:08.637749" level="INFO">${low} = 0.00011</msg>
<var>${low}</var>
<arg>${pair}</arg>
<arg>low24Hr</arg>
<doc>Returns a value from the given ``dictionary`` based on the given ``key``.</doc>
<status status="PASS" start="2026-01-13T16:26:08.637048" elapsed="0.001000"/>
</kw>
<kw name="Evaluate" owner="BuiltIn">
<msg time="2026-01-13T16:26:08.643164" level="INFO">${Last_Price_Outside_24Hr_Range_Pairs} = False</msg>
<var>${Last_Price_Outside_24Hr_Range_Pairs}</var>
<arg>${last} &lt; ${low} or ${last} &gt; ${high} == True</arg>
<doc>Evaluates the given expression in Python and returns the result.</doc>
<status status="PASS" start="2026-01-13T16:26:08.638820" elapsed="0.004614"/>
</kw>
<kw name="Run Keyword If" owner="BuiltIn">
<arg>${Last_Price_Outside_24Hr_Range_Pairs} == True</arg>
<arg>Append To List</arg>
<arg>${Last_Price_Outside_24Hr_Range_Pairs}</arg>
<arg>${symbol}</arg>
<doc>Runs the given keyword with the given arguments, if ``condition`` is true.</doc>
<status status="PASS" start="2026-01-13T16:26:08.643751" elapsed="0.001010"/>
</kw>
<var name="${pair}">{'symbol': '1CAT-USDC', 'last': 0.000124, 'lowestAsk': 0.000126, 'highestBid': 0.000114, 'percentageChange': 10.71428571, 'volume': 259.86311554, 'high24Hr': 0.000127, 'low24Hr': 0.00011, 'base': '1CA...</var>
<status status="PASS" start="2026-01-13T16:26:08.633823" elapsed="0.011197"/>
</iter>
<iter>
<kw name="Get From Dictionary" owner="Collections">
<msg time="2026-01-13T16:26:08.645984" level="INFO">${symbol} = 1CAT-USDT</msg>
<var>${symbol}</var>
<arg>${pair}</arg>
<arg>symbol</arg>
<doc>Returns a value from the given ``dictionary`` based on the given ``key``.</doc>
<status status="PASS" start="2026-01-13T16:26:08.645537" elapsed="0.000712"/>
</kw>
<kw name="Get From Dictionary" owner="Collections">
<msg time="2026-01-13T16:26:08.646937" level="INFO">${last} = 0.00011500000000000002</msg>
<var>${last}</var>
<arg>${pair}</arg>
<arg>last</arg>
<doc>Returns a value from the given ``dictionary`` based on the given ``key``.</doc>
<status status="PASS" start="2026-01-13T16:26:08.646542" elapsed="0.001017"/>
</kw>
<kw name="Get From Dictionary" owner="Collections">
<msg time="2026-01-13T16:26:08.648190" level="INFO">${high} = 0.000128</msg>
<var>${high}</var>
<arg>${pair}</arg>
<arg>high24Hr</arg>
<doc>Returns a value from the given ``dictionary`` based on the given ``key``.</doc>
<status status="PASS" start="2026-01-13T16:26:08.647774" elapsed="0.000554"/>
</kw>
<kw name="Get From Dictionary" owner="Collections">
<msg time="2026-01-13T16:26:08.648774" level="INFO">${low} = 0.00011</msg>
<var>${low}</var>
<arg>${pair}</arg>
<arg>low24Hr</arg>
<doc>Returns a value from the given ``dictionary`` based on the given ``key``.</doc>
<status status="PASS" start="2026-01-13T16:26:08.648486" elapsed="0.000449"/>
</kw>
<kw name="Evaluate" owner="BuiltIn">
<msg time="2026-01-13T16:26:08.649871" level="INFO">${Last_Price_Outside_24Hr_Range_Pairs} = False</msg>
<var>${Last_Price_Outside_24Hr_Range_Pairs}</var>
<arg>${last} &lt; ${low} or ${last} &gt; ${high} == True</arg>
<doc>Evaluates the given expression in Python and returns the result.</doc>
<status status="PASS" start="2026-01-13T16:26:08.649154" elapsed="0.000909"/>
</kw>
<kw name="Run Keyword If" owner="BuiltIn">
<arg>${Last_Price_Outside_24Hr_Range_Pairs} == True</arg>
<arg>Append To List</arg>
<arg>${Last_Price_Outside_24Hr_Range_Pairs}</arg>
<arg>${symbol}</arg>
<doc>Runs the given keyword with the given arguments, if ``condition`` is true.</doc>
<status status="PASS" start="2026-01-13T16:26:08.650266" elapsed="0.000684"/>
</kw>
<var name="${pair}">{'symbol': '1CAT-USDT', 'last': 0.00011500000000000002, 'lowestAsk': 0.000126, 'highestBid': 0.000114, 'percentageChange': 2.67857142, 'volume': 2700.09106268, 'high24Hr': 0.000128, 'low24Hr': 0.00011...</var>
<status status="PASS" start="2026-01-13T16:26:08.645252" elapsed="0.005973"/>
</iter>
<iter>
<kw name="Get From Dictionary" owner="Collections">
<msg time="2026-01-13T16:26:08.652634" level="INFO">${symbol} = 1INCH-BTC</msg>
<var>${symbol}</var>
<arg>${pair}</arg>
<arg>symbol</arg>
<doc>Returns a value from the given ``dictionary`` based on the given ``key``.</doc>
<status status="PASS" start="2026-01-13T16:26:08.652006" elapsed="0.000985"/>
</kw>
<kw name="Get From Dictionary" owner="Collections">
<msg time="2026-01-13T16:26:08.653689" level="INFO">${last} = 2.072275802658293e-06</msg>
<var>${last}</var>
<arg>${pair}</arg>
<arg>last</arg>
<doc>Returns a value from the given ``dictionary`` based on the given ``key``.</doc>
<status status="PASS" start="2026-01-13T16:26:08.653240" elapsed="0.000678"/>
</kw>
<kw name="Get From Dictionary" owner="Collections">
<msg time="2026-01-13T16:26:08.654717" level="INFO">${high} = 2.08e-06</msg>
<var>${high}</var>
<arg>${pair}</arg>
<arg>high24Hr</arg>
<doc>Returns a value from the given ``dictionary`` based on the given ``key``.</doc>
<status status="PASS" start="2026-01-13T16:26:08.654185" elapsed="0.000860"/>
</kw>
<kw name="Get From Dictionary" owner="Collections">
<msg time="2026-01-13T16:26:08.657009" level="INFO">${low} = 2.08e-06</msg>
<var>${low}</var>
<arg>${pair}</arg>
<arg>low24Hr</arg>
<doc>Returns a value from the given ``dictionary`` based on the given ``key``.</doc>
<status status="PASS" start="2026-01-13T16:26:08.655404" elapsed="0.002152"/>
</kw>
<kw name="Evaluate" owner="BuiltIn">
<msg time="2026-01-13T16:26:08.661543" level="INFO">${Last_Price_Outside_24Hr_Range_Pairs} = True</msg>
<var>${Last_Price_Outside_24Hr_Range_Pairs}</var>
<arg>${last} &lt; ${low} or ${last} &gt; ${high} == True</arg>
<doc>Evaluates the given expression in Python and returns the result.</doc>
<status status="PASS" start="2026-01-13T16:26:08.658379" elapsed="0.003787"/>
</kw>
<kw name="Run Keyword If" owner="BuiltIn">
<kw name="Append To List" owner="Collections">
<msg time="2026-01-13T16:26:08.664528" level="FAIL">ValueError: Argument 'list_' got value 'True' (boolean) that cannot be converted to Sequence.</msg>
<arg>${Last_Price_Outside_24Hr_Range_Pairs}</arg>
<arg>${symbol}</arg>
<doc>Adds ``values`` to the end of ``list``.</doc>
<status status="FAIL" start="2026-01-13T16:26:08.663695" elapsed="0.063036">ValueError: Argument 'list_' got value 'True' (boolean) that cannot be converted to Sequence.</status>
</kw>
<arg>${Last_Price_Outside_24Hr_Range_Pairs} == True</arg>
<arg>Append To List</arg>
<arg>${Last_Price_Outside_24Hr_Range_Pairs}</arg>
<arg>${symbol}</arg>
<doc>Runs the given keyword with the given arguments, if ``condition`` is true.</doc>
<status status="FAIL" start="2026-01-13T16:26:08.662716" elapsed="0.064278">ValueError: Argument 'list_' got value 'True' (boolean) that cannot be converted to Sequence.</status>
</kw>
<var name="${pair}">{'symbol': '1INCH-BTC', 'last': 2.072275802658293e-06, 'lowestAsk': 1.67e-06, 'highestBid': 1.66e-06, 'percentageChange': 0, 'volume': 0, 'high24Hr': 2.08e-06, 'low24Hr': 2.08e-06, 'base': '1INCH', 'q...</var>
<status status="FAIL" start="2026-01-13T16:26:08.651586" elapsed="0.075621">ValueError: Argument 'list_' got value 'True' (boolean) that cannot be converted to Sequence.</status>
</iter>
<var>${pair}</var>
<value>@{data}</value>
<status status="FAIL" start="2026-01-13T16:26:08.633420" elapsed="0.093889">ValueError: Argument 'list_' got value 'True' (boolean) that cannot be converted to Sequence.</status>
</for>
<kw name="Should Be Empty" owner="BuiltIn">
<arg>${Last_Price_Outside_24Hr_Range_Pairs}</arg>
<arg>msg=Pairs with last price outside 24hr range: ${Last_Price_Outside_24Hr_Range_Pairs}</arg>
<doc>Verifies that the given item is empty.</doc>
<status status="NOT RUN" start="2026-01-13T16:26:08.727943" elapsed="0.000280"/>
</kw>
<kw name="Run Keyword If" owner="BuiltIn">
<arg>${Last_Price_Outside_24Hr_Range_Pairs}</arg>
<arg>Log</arg>
<arg>${Last_Price_Outside_24Hr_Range_Pairs}</arg>
<doc>Runs the given keyword with the given arguments, if ``condition`` is true.</doc>
<status status="NOT RUN" start="2026-01-13T16:26:08.728640" elapsed="0.000243"/>
</kw>
<kw name="Delete All Sessions" owner="RequestsLibrary">
<doc>Removes all the session objects</doc>
<status status="NOT RUN" start="2026-01-13T16:26:08.729296" elapsed="0.000206"/>
</kw>
<doc>Validate last price is between high24Hr and low24Hr</doc>
<tag>data-consistency</tag>
<tag>instruments</tag>
<tag>public</tag>
<status status="FAIL" start="2026-01-13T16:26:07.426339" elapsed="1.303572">ValueError: Argument 'list_' got value 'True' (boolean) that cannot be converted to Sequence.</status>
</test>
<doc>Regression test suite for FreeDX Exchange Market Summary API
Endpoint: https://api.exchange.freedx.com/spot/api/v3.2/market_summary
Validates all public trading pairs have non-empty price and volume data</doc>
<status status="FAIL" start="2026-01-13T16:26:07.224784" elapsed="1.541984"/>
</suite>
<status status="FAIL" start="2026-01-13T16:26:07.115128" elapsed="1.672753"/>
</suite>
<statistics>
<total>
<stat pass="0" fail="1" skip="0">All Tests</stat>
</total>
<tag>
<stat pass="0" fail="1" skip="0">data-consistency</stat>
<stat pass="0" fail="1" skip="0">instruments</stat>
<stat pass="0" fail="1" skip="0">public</stat>
</tag>
<suite>
<stat name="Rf Env" id="s1" pass="0" fail="1" skip="0">Rf Env</stat>
<stat name="Market Summary Api Tests" id="s1-s1" pass="0" fail="1" skip="0">Rf Env.Market Summary Api Tests</stat>
</suite>
</statistics>
<errors>
</errors>
</robot>
